<?xml version="1.0" encoding="UTF-8"?>
<!-- Generated by org.testng.reporters.JUnitReportReporter -->
<testsuite hostname="DESKTOP-7MIKM5U" failures="0" tests="1" name="com.crm.testcases.LoginCommandLine" time="22.336" errors="0" timestamp="2022-03-23T12:52:05 IST" skipped="0">
  <testcase classname="com.crm.testcases.LoginCommandLine" name="login" time="22.336"/>
  <system-out/>
</testsuite> <!-- com.crm.testcases.LoginCommandLine -->
