<?xml version="1.0" encoding="UTF-8"?>
<!-- Generated by org.testng.reporters.JUnitReportReporter -->
<testsuite hostname="DESKTOP-7MIKM5U" failures="0" tests="1" name="com.crm.testcases.ParametersTest" time="13.043" errors="0" timestamp="2022-03-23T14:56:57 IST" skipped="0">
  <testcase classname="com.crm.testcases.ParametersTest" name="getData" time="13.043"/>
  <system-out/>
</testsuite> <!-- com.crm.testcases.ParametersTest -->
